Performing C++ SOURCE FILE Test CMAKE_HAVE_LIBC_PTHREAD failed with the following output:
Change Dir: /home/trunqh/AndroidStudioProjects/rpo_fclient/libs/spdlog/build/x86/CMakeFiles/CMakeTmp

Run Build Command(s):/usr/bin/make cmTC_3dafa/fast && /usr/bin/make  -f CMakeFiles/cmTC_3dafa.dir/build.make CMakeFiles/cmTC_3dafa.dir/build
make[1]: Entering directory '/home/trunqh/AndroidStudioProjects/rpo_fclient/libs/spdlog/build/x86/CMakeFiles/CMakeTmp'
Building CXX object CMakeFiles/cmTC_3dafa.dir/src.cxx.o
/home/trunqh/Android/Sdk/ndk/21.1.6352462/toolchains/llvm/prebuilt/linux-x86_64/bin/clang++ --target=i686-none-linux-android16 --gcc-toolchain=/home/trunqh/Android/Sdk/ndk/21.1.6352462/toolchains/llvm/prebuilt/linux-x86_64 --sysroot=/home/trunqh/Android/Sdk/ndk/21.1.6352462/toolchains/llvm/prebuilt/linux-x86_64/sysroot   -g -DANDROID -fdata-sections -ffunction-sections -funwind-tables -fstack-protector-strong -no-canonical-prefixes -mstackrealign -D_FORTIFY_SOURCE=2 -Wformat -Werror=format-security  -DSPDLOG_COMPILED_LIBS -DCMAKE_HAVE_LIBC_PTHREAD -fPIE -std=c++11 -o CMakeFiles/cmTC_3dafa.dir/src.cxx.o -c /home/trunqh/AndroidStudioProjects/rpo_fclient/libs/spdlog/build/x86/CMakeFiles/CMakeTmp/src.cxx
/home/trunqh/AndroidStudioProjects/rpo_fclient/libs/spdlog/build/x86/CMakeFiles/CMakeTmp/src.cxx:13:3: error: use of undeclared identifier 'pthread_cancel'
  pthread_cancel(thread);
  ^
1 error generated.
make[1]: *** [CMakeFiles/cmTC_3dafa.dir/build.make:85: CMakeFiles/cmTC_3dafa.dir/src.cxx.o] Error 1
make[1]: Leaving directory '/home/trunqh/AndroidStudioProjects/rpo_fclient/libs/spdlog/build/x86/CMakeFiles/CMakeTmp'
make: *** [Makefile:140: cmTC_3dafa/fast] Error 2


Source file was:
#include <pthread.h>

void* test_func(void* data)
{
  return data;
}

int main(void)
{
  pthread_t thread;
  pthread_create(&thread, NULL, test_func, NULL);
  pthread_detach(thread);
  pthread_cancel(thread);
  pthread_join(thread, NULL);
  pthread_atfork(NULL, NULL, NULL);
  pthread_exit(NULL);

  return 0;
}

Determining if the function pthread_create exists in the pthreads failed with the following output:
Change Dir: /home/trunqh/AndroidStudioProjects/rpo_fclient/libs/spdlog/build/x86/CMakeFiles/CMakeTmp

Run Build Command(s):/usr/bin/make cmTC_0409e/fast && /usr/bin/make  -f CMakeFiles/cmTC_0409e.dir/build.make CMakeFiles/cmTC_0409e.dir/build
make[1]: Entering directory '/home/trunqh/AndroidStudioProjects/rpo_fclient/libs/spdlog/build/x86/CMakeFiles/CMakeTmp'
Building CXX object CMakeFiles/cmTC_0409e.dir/CheckFunctionExists.cxx.o
/home/trunqh/Android/Sdk/ndk/21.1.6352462/toolchains/llvm/prebuilt/linux-x86_64/bin/clang++ --target=i686-none-linux-android16 --gcc-toolchain=/home/trunqh/Android/Sdk/ndk/21.1.6352462/toolchains/llvm/prebuilt/linux-x86_64 --sysroot=/home/trunqh/Android/Sdk/ndk/21.1.6352462/toolchains/llvm/prebuilt/linux-x86_64/sysroot   -g -DANDROID -fdata-sections -ffunction-sections -funwind-tables -fstack-protector-strong -no-canonical-prefixes -mstackrealign -D_FORTIFY_SOURCE=2 -Wformat -Werror=format-security  -DSPDLOG_COMPILED_LIBS -DCHECK_FUNCTION_EXISTS=pthread_create -fPIE -std=c++11 -o CMakeFiles/cmTC_0409e.dir/CheckFunctionExists.cxx.o -c /home/trunqh/AndroidStudioProjects/rpo_fclient/libs/spdlog/build/x86/CMakeFiles/CheckLibraryExists/CheckFunctionExists.cxx
Linking CXX executable cmTC_0409e
/home/trunqh/Android/Sdk/cmake/3.18.1/bin/cmake -E cmake_link_script CMakeFiles/cmTC_0409e.dir/link.txt --verbose=1
/home/trunqh/Android/Sdk/ndk/21.1.6352462/toolchains/llvm/prebuilt/linux-x86_64/bin/clang++ --target=i686-none-linux-android16 --gcc-toolchain=/home/trunqh/Android/Sdk/ndk/21.1.6352462/toolchains/llvm/prebuilt/linux-x86_64 --sysroot=/home/trunqh/Android/Sdk/ndk/21.1.6352462/toolchains/llvm/prebuilt/linux-x86_64/sysroot -g -DANDROID -fdata-sections -ffunction-sections -funwind-tables -fstack-protector-strong -no-canonical-prefixes -mstackrealign -D_FORTIFY_SOURCE=2 -Wformat -Werror=format-security  -DSPDLOG_COMPILED_LIBS -DCHECK_FUNCTION_EXISTS=pthread_create -Wl,--exclude-libs,libgcc.a -Wl,--exclude-libs,libgcc_real.a -Wl,--exclude-libs,libatomic.a -static-libstdc++ -Wl,--build-id -Wl,--fatal-warnings -Wl,--no-undefined -Qunused-arguments -Wl,--gc-sections   CMakeFiles/cmTC_0409e.dir/CheckFunctionExists.cxx.o -o cmTC_0409e  -lpthreads -latomic -lm 
/home/trunqh/Android/Sdk/ndk/21.1.6352462/toolchains/llvm/prebuilt/linux-x86_64/lib/gcc/i686-linux-android/4.9.x/../../../../i686-linux-android/bin/ld: error: cannot find -lpthreads
clang++: error: linker command failed with exit code 1 (use -v to see invocation)
make[1]: *** [CMakeFiles/cmTC_0409e.dir/build.make:106: cmTC_0409e] Error 1
make[1]: Leaving directory '/home/trunqh/AndroidStudioProjects/rpo_fclient/libs/spdlog/build/x86/CMakeFiles/CMakeTmp'
make: *** [Makefile:140: cmTC_0409e/fast] Error 2



Determining if the function pthread_create exists in the pthread failed with the following output:
Change Dir: /home/trunqh/AndroidStudioProjects/rpo_fclient/libs/spdlog/build/x86/CMakeFiles/CMakeTmp

Run Build Command(s):/usr/bin/make cmTC_034b0/fast && /usr/bin/make  -f CMakeFiles/cmTC_034b0.dir/build.make CMakeFiles/cmTC_034b0.dir/build
make[1]: Entering directory '/home/trunqh/AndroidStudioProjects/rpo_fclient/libs/spdlog/build/x86/CMakeFiles/CMakeTmp'
Building CXX object CMakeFiles/cmTC_034b0.dir/CheckFunctionExists.cxx.o
/home/trunqh/Android/Sdk/ndk/21.1.6352462/toolchains/llvm/prebuilt/linux-x86_64/bin/clang++ --target=i686-none-linux-android16 --gcc-toolchain=/home/trunqh/Android/Sdk/ndk/21.1.6352462/toolchains/llvm/prebuilt/linux-x86_64 --sysroot=/home/trunqh/Android/Sdk/ndk/21.1.6352462/toolchains/llvm/prebuilt/linux-x86_64/sysroot   -g -DANDROID -fdata-sections -ffunction-sections -funwind-tables -fstack-protector-strong -no-canonical-prefixes -mstackrealign -D_FORTIFY_SOURCE=2 -Wformat -Werror=format-security  -DSPDLOG_COMPILED_LIBS -DCHECK_FUNCTION_EXISTS=pthread_create -fPIE -std=c++11 -o CMakeFiles/cmTC_034b0.dir/CheckFunctionExists.cxx.o -c /home/trunqh/AndroidStudioProjects/rpo_fclient/libs/spdlog/build/x86/CMakeFiles/CheckLibraryExists/CheckFunctionExists.cxx
Linking CXX executable cmTC_034b0
/home/trunqh/Android/Sdk/cmake/3.18.1/bin/cmake -E cmake_link_script CMakeFiles/cmTC_034b0.dir/link.txt --verbose=1
/home/trunqh/Android/Sdk/ndk/21.1.6352462/toolchains/llvm/prebuilt/linux-x86_64/bin/clang++ --target=i686-none-linux-android16 --gcc-toolchain=/home/trunqh/Android/Sdk/ndk/21.1.6352462/toolchains/llvm/prebuilt/linux-x86_64 --sysroot=/home/trunqh/Android/Sdk/ndk/21.1.6352462/toolchains/llvm/prebuilt/linux-x86_64/sysroot -g -DANDROID -fdata-sections -ffunction-sections -funwind-tables -fstack-protector-strong -no-canonical-prefixes -mstackrealign -D_FORTIFY_SOURCE=2 -Wformat -Werror=format-security  -DSPDLOG_COMPILED_LIBS -DCHECK_FUNCTION_EXISTS=pthread_create -Wl,--exclude-libs,libgcc.a -Wl,--exclude-libs,libgcc_real.a -Wl,--exclude-libs,libatomic.a -static-libstdc++ -Wl,--build-id -Wl,--fatal-warnings -Wl,--no-undefined -Qunused-arguments -Wl,--gc-sections   CMakeFiles/cmTC_034b0.dir/CheckFunctionExists.cxx.o -o cmTC_034b0  -lpthread -latomic -lm 
/home/trunqh/Android/Sdk/ndk/21.1.6352462/toolchains/llvm/prebuilt/linux-x86_64/lib/gcc/i686-linux-android/4.9.x/../../../../i686-linux-android/bin/ld: error: cannot find -lpthread
clang++: error: linker command failed with exit code 1 (use -v to see invocation)
make[1]: *** [CMakeFiles/cmTC_034b0.dir/build.make:106: cmTC_034b0] Error 1
make[1]: Leaving directory '/home/trunqh/AndroidStudioProjects/rpo_fclient/libs/spdlog/build/x86/CMakeFiles/CMakeTmp'
make: *** [Makefile:140: cmTC_034b0/fast] Error 2



